PLINK v1.90b3.38 64-bit (7 Jun 2016)
Options in effect:
  --allow-extra-chr
  --bfile FJ_pre_2
  --out FJ_pre_2
  --recode

Hostname: Philipps-MacBook-Pro-2.local
Working directory: /Users/pbrand/science/research/ped
Start time: Mon Nov 20 20:20:27 2017

Random number seed: 1511238027
16384 MB RAM detected; reserving 8192 MB for main workspace.
361 variants loaded from .bim file.
95 people (0 males, 0 females, 95 ambiguous) loaded from .fam.
Ambiguous sex IDs written to FJ_pre_2.nosex .
Using 1 thread (no multithreaded calculations invoked).
Before main variant filters, 95 founders and 0 nonfounders present.
Calculating allele frequencies... done.
Total genotyping rate is 0.737892.
361 variants and 95 people pass filters and QC.
Note: No phenotypes present.
--recode to FJ_pre_2.ped + FJ_pre_2.map ... done.

End time: Mon Nov 20 20:20:27 2017
